
*** Running vivado
    with args -log top_ps7_0.vds -m64 -product Vivado -mode batch -messageDb vivado.pb -notrace -source top_ps7_0.tcl


****** Vivado v2016.3 (64-bit)
  **** SW Build 1682563 on Mon Oct 10 19:07:26 MDT 2016
  **** IP Build 1681267 on Mon Oct 10 21:28:31 MDT 2016
    ** Copyright 1986-2016 Xilinx, Inc. All Rights Reserved.

source top_ps7_0.tcl -notrace
Starting RTL Elaboration : Time (s): cpu = 00:00:08 ; elapsed = 00:00:10 . Memory (MB): peak = 1091.891 ; gain = 188.984 ; free physical = 10526 ; free virtual = 30539
INFO: [Synth 8-638] synthesizing module 'top_ps7_0' [/tmp/build.liao/syn/top.srcs/sources_1/bd/top/ip/top_ps7_0/synth/top_ps7_0.v:59]
INFO: [Synth 8-638] synthesizing module 'processing_system7_v5_5_processing_system7' [/tmp/build.liao/syn/top.srcs/sources_1/bd/top/ip/top_ps7_0/hdl/verilog/processing_system7_v5_5_processing_system7.v:162]
INFO: [Synth 8-638] synthesizing module 'BUFG' [/packages/LabSoC/Xilinx/Vivado/2016.3/scripts/rt/data/unisim_comp.v:607]
INFO: [Synth 8-256] done synthesizing module 'BUFG' (1#1) [/packages/LabSoC/Xilinx/Vivado/2016.3/scripts/rt/data/unisim_comp.v:607]
INFO: [Synth 8-638] synthesizing module 'BIBUF' [/packages/LabSoC/Xilinx/Vivado/2016.3/scripts/rt/data/unisim_comp.v:268]
INFO: [Synth 8-256] done synthesizing module 'BIBUF' (2#1) [/packages/LabSoC/Xilinx/Vivado/2016.3/scripts/rt/data/unisim_comp.v:268]
INFO: [Synth 8-638] synthesizing module 'PS7' [/packages/LabSoC/Xilinx/Vivado/2016.3/scripts/rt/data/unisim_comp.v:33182]
INFO: [Synth 8-256] done synthesizing module 'PS7' (3#1) [/packages/LabSoC/Xilinx/Vivado/2016.3/scripts/rt/data/unisim_comp.v:33182]
INFO: [Synth 8-256] done synthesizing module 'processing_system7_v5_5_processing_system7' (4#1) [/tmp/build.liao/syn/top.srcs/sources_1/bd/top/ip/top_ps7_0/hdl/verilog/processing_system7_v5_5_processing_system7.v:162]
INFO: [Synth 8-256] done synthesizing module 'top_ps7_0' (5#1) [/tmp/build.liao/syn/top.srcs/sources_1/bd/top/ip/top_ps7_0/synth/top_ps7_0.v:59]
Finished RTL Elaboration : Time (s): cpu = 00:00:09 ; elapsed = 00:00:11 . Memory (MB): peak = 1132.367 ; gain = 229.461 ; free physical = 10482 ; free virtual = 30495
Finished RTL Optimization Phase 1 : Time (s): cpu = 00:00:09 ; elapsed = 00:00:11 . Memory (MB): peak = 1132.367 ; gain = 229.461 ; free physical = 10481 ; free virtual = 30494
INFO: [Device 21-403] Loading part xc7z010clg400-1
Constraint Validation Runtime : Time (s): cpu = 00:00:00.02 ; elapsed = 00:00:00.04 . Memory (MB): peak = 1382.340 ; gain = 1.000 ; free physical = 10256 ; free virtual = 30304
Finished Constraint Validation : Time (s): cpu = 00:00:18 ; elapsed = 00:00:23 . Memory (MB): peak = 1382.340 ; gain = 479.434 ; free physical = 10259 ; free virtual = 30308
Finished Loading Part and Timing Information : Time (s): cpu = 00:00:18 ; elapsed = 00:00:23 . Memory (MB): peak = 1382.340 ; gain = 479.434 ; free physical = 10259 ; free virtual = 30308
Finished applying 'set_property' XDC Constraints : Time (s): cpu = 00:00:18 ; elapsed = 00:00:23 . Memory (MB): peak = 1382.340 ; gain = 479.434 ; free physical = 10259 ; free virtual = 30308
Finished RTL Optimization Phase 2 : Time (s): cpu = 00:00:19 ; elapsed = 00:00:24 . Memory (MB): peak = 1389.348 ; gain = 486.441 ; free physical = 10250 ; free virtual = 30299
Finished Cross Boundary and Area Optimization : Time (s): cpu = 00:00:19 ; elapsed = 00:00:24 . Memory (MB): peak = 1397.355 ; gain = 494.449 ; free physical = 10242 ; free virtual = 30291
Finished Applying XDC Timing Constraints : Time (s): cpu = 00:00:26 ; elapsed = 00:00:32 . Memory (MB): peak = 1581.355 ; gain = 678.449 ; free physical = 10053 ; free virtual = 30110
Finished Timing Optimization : Time (s): cpu = 00:00:26 ; elapsed = 00:00:32 . Memory (MB): peak = 1601.363 ; gain = 698.457 ; free physical = 10033 ; free virtual = 30089
Finished Technology Mapping : Time (s): cpu = 00:00:27 ; elapsed = 00:00:33 . Memory (MB): peak = 1609.371 ; gain = 706.465 ; free physical = 10025 ; free virtual = 30081
Finished IO Insertion : Time (s): cpu = 00:00:29 ; elapsed = 00:00:35 . Memory (MB): peak = 1609.375 ; gain = 706.469 ; free physical = 10025 ; free virtual = 30081
Finished Renaming Generated Instances : Time (s): cpu = 00:00:29 ; elapsed = 00:00:35 . Memory (MB): peak = 1609.375 ; gain = 706.469 ; free physical = 10025 ; free virtual = 30081
Finished Rebuilding User Hierarchy : Time (s): cpu = 00:00:29 ; elapsed = 00:00:35 . Memory (MB): peak = 1609.375 ; gain = 706.469 ; free physical = 10025 ; free virtual = 30081
Finished Renaming Generated Ports : Time (s): cpu = 00:00:29 ; elapsed = 00:00:35 . Memory (MB): peak = 1609.375 ; gain = 706.469 ; free physical = 10025 ; free virtual = 30081
Finished Handling Custom Attributes : Time (s): cpu = 00:00:29 ; elapsed = 00:00:35 . Memory (MB): peak = 1609.375 ; gain = 706.469 ; free physical = 10025 ; free virtual = 30081
Finished Renaming Generated Nets : Time (s): cpu = 00:00:29 ; elapsed = 00:00:35 . Memory (MB): peak = 1609.375 ; gain = 706.469 ; free physical = 10025 ; free virtual = 30081

Report Cell Usage: 
+------+------+------+
|      |Cell  |Count |
+------+------+------+
|1     |BIBUF |   130|
|2     |BUFG  |     1|
|3     |LUT1  |   112|
|4     |LUT3  |     3|
|5     |LUT4  |     7|
|6     |LUT5  |    13|
|7     |LUT6  |    17|
|8     |PS7   |     1|
+------+------+------+
Finished Writing Synthesis Report : Time (s): cpu = 00:00:29 ; elapsed = 00:00:35 . Memory (MB): peak = 1609.375 ; gain = 706.469 ; free physical = 10025 ; free virtual = 30081
synth_design: Time (s): cpu = 00:00:27 ; elapsed = 00:00:32 . Memory (MB): peak = 1621.371 ; gain = 614.059 ; free physical = 10016 ; free virtual = 30072
